<?xml version="1.0" encoding="UTF-8"?>
<robot generator="Robot 7.0 (Python 3.11.2 on win32)" generated="2024-04-14T09:12:58.683711" rpa="false" schemaversion="5">
<suite id="s1" name="1 Wikipedia" source="C:\Users\vdi-student\Desktop\PythonDevWro_2324\Zjazd9\Gr2_Kamil\1_wikipedia.robot">
<test id="s1-t1" name="First Test" line="12">
<kw name="Open Browser" owner="SeleniumLibrary">
<msg time="2024-04-14T09:12:58.939294" level="INFO">Opening browser 'chrome' to base url 'https://pl.wikipedia.org'.</msg>
<arg>https://pl.wikipedia.org</arg>
<arg>chrome</arg>
<doc>Opens a new browser instance to the optional ``url``.</doc>
<status status="PASS" start="2024-04-14T09:12:58.939294" elapsed="1.909798"/>
</kw>
<kw name="Maximize Browser Window" owner="SeleniumLibrary">
<doc>Maximizes current browser window.</doc>
<status status="PASS" start="2024-04-14T09:13:00.850088" elapsed="0.139188"/>
</kw>
<kw name="Wait Until Element Is Visible" owner="SeleniumLibrary">
<arg>id:pt-login-2</arg>
<arg>3</arg>
<doc>Waits until the element ``locator`` is visible.</doc>
<status status="PASS" start="2024-04-14T09:13:00.990349" elapsed="0.030124"/>
</kw>
<kw name="Click Element" owner="SeleniumLibrary">
<msg time="2024-04-14T09:13:01.021570" level="INFO">Clicking element 'id:pt-login-2'.</msg>
<arg>id:pt-login-2</arg>
<doc>Click the element identified by ``locator``.</doc>
<status status="PASS" start="2024-04-14T09:13:01.020473" elapsed="1.005015"/>
</kw>
<kw name="Sleep" owner="BuiltIn">
<msg time="2024-04-14T09:13:04.026684" level="INFO">Slept 2 seconds.</msg>
<arg>2</arg>
<doc>Pauses the test executed for the given time.</doc>
<status status="PASS" start="2024-04-14T09:13:02.026499" elapsed="2.000185"/>
</kw>
<kw name="Input Text" owner="SeleniumLibrary">
<msg time="2024-04-14T09:13:04.027788" level="INFO">Typing text 'RobotTests' into text field 'id:wpName1'.</msg>
<arg>id:wpName1</arg>
<arg>${wikipedia login}</arg>
<doc>Types the given ``text`` into the text field identified by ``locator``.</doc>
<status status="PASS" start="2024-04-14T09:13:04.027788" elapsed="0.100811"/>
</kw>
<kw name="Input Text" owner="SeleniumLibrary">
<msg time="2024-04-14T09:13:04.129597" level="INFO">Typing text 'RobotFrameworkA' into text field 'id:wpPassword1'.</msg>
<arg>id:wpPassword1</arg>
<arg>${wikipedia password}</arg>
<doc>Types the given ``text`` into the text field identified by ``locator``.</doc>
<status status="PASS" start="2024-04-14T09:13:04.128599" elapsed="0.115805"/>
</kw>
<kw name="Select Checkbox" owner="SeleniumLibrary">
<msg time="2024-04-14T09:13:04.248412" level="INFO">Selecting checkbox 'id:wpRemember'.</msg>
<arg>id:wpRemember</arg>
<doc>Selects the checkbox identified by ``locator``.</doc>
<status status="PASS" start="2024-04-14T09:13:04.248412" elapsed="0.098808"/>
</kw>
<kw name="Click Button" owner="SeleniumLibrary">
<msg time="2024-04-14T09:13:04.348221" level="INFO">Clicking button 'id:wpLoginAttempt'.</msg>
<arg>id:wpLoginAttempt</arg>
<doc>Clicks the button identified by ``locator``.</doc>
<status status="PASS" start="2024-04-14T09:13:04.347220" elapsed="0.998131"/>
</kw>
<kw name="Sleep" owner="BuiltIn">
<msg time="2024-04-14T09:13:08.348600" level="INFO">Slept 3 seconds.</msg>
<arg>3</arg>
<doc>Pauses the test executed for the given time.</doc>
<status status="PASS" start="2024-04-14T09:13:05.347351" elapsed="3.001249"/>
</kw>
<kw name="Wait Until Element Is Visible" owner="SeleniumLibrary">
<msg time="2024-04-14T09:13:10.547987" level="INFO" html="true">&lt;/td&gt;&lt;/tr&gt;&lt;tr&gt;&lt;td colspan="3"&gt;&lt;a href="selenium-screenshot-2.png"&gt;&lt;img src="selenium-screenshot-2.png" width="800px"&gt;&lt;/a&gt;</msg>
<msg time="2024-04-14T09:13:10.547987" level="FAIL">Element 'id:ca-nstab-project' not visible after 2 seconds.</msg>
<arg>id:ca-nstab-project</arg>
<arg>2</arg>
<doc>Waits until the element ``locator`` is visible.</doc>
<status status="FAIL" start="2024-04-14T09:13:08.349605" elapsed="2.213921">Element 'id:ca-nstab-project' not visible after 2 seconds.</status>
</kw>
<kw name="Capture Page Screenshot" owner="SeleniumLibrary">
<doc>Takes a screenshot of the current page and embeds it into a log file.</doc>
<status status="NOT RUN" start="2024-04-14T09:13:10.564652" elapsed="0.000000"/>
</kw>
<kw name="Close Browser" owner="SeleniumLibrary">
<doc>Closes the current browser.</doc>
<status status="NOT RUN" start="2024-04-14T09:13:10.564652" elapsed="0.000000"/>
</kw>
<status status="FAIL" start="2024-04-14T09:12:58.938197" elapsed="11.627646">Element 'id:ca-nstab-project' not visible after 2 seconds.</status>
</test>
<status status="FAIL" start="2024-04-14T09:12:58.686091" elapsed="11.880916"/>
</suite>
<statistics>
<total>
<stat pass="0" fail="1" skip="0">All Tests</stat>
</total>
<tag>
</tag>
<suite>
<stat pass="0" fail="1" skip="0" id="s1" name="1 Wikipedia">1 Wikipedia</stat>
</suite>
</statistics>
<errors>
</errors>
</robot>
