<?xml version="1.0" encoding="UTF-8"?>
<robot generator="Robot 6.1.1 (Python 3.11.2 on win32)" generated="20240128 14:46:36.987" rpa="false" schemaversion="4">
<suite id="s1" name="3 Robot Framework 1" source="C:\Users\vdi-student\Desktop\PythonDevWro_2324\Zjazd6\2_sobota_gr1_Kamil\3_Robot_Framework_1.robot">
<test id="s1-t1" name="Failed login" line="31">
<kw name="Log in Wikipedia">
<arg>${wikipedia_login}</arg>
<arg>${wikipedia_NOT_correct_password}</arg>
<kw name="Open Browser" library="SeleniumLibrary">
<arg>https://pl.wikipedia.org</arg>
<arg>chrome</arg>
<doc>Opens a new browser instance to the optional ``url``.</doc>
<msg timestamp="20240128 14:46:37.217" level="INFO">Opening browser 'chrome' to base url 'https://pl.wikipedia.org'.</msg>
<status status="PASS" starttime="20240128 14:46:37.212" endtime="20240128 14:46:38.810"/>
</kw>
<kw name="Wait Until Page Contains Element" library="SeleniumLibrary">
<arg>id:pt-login-2</arg>
<arg>5</arg>
<doc>Waits until the element ``locator`` appears on the current page.</doc>
<status status="PASS" starttime="20240128 14:46:38.810" endtime="20240128 14:46:38.853"/>
</kw>
<kw name="Click Element" library="SeleniumLibrary">
<arg>id:pt-login-2</arg>
<doc>Click the element identified by ``locator``.</doc>
<msg timestamp="20240128 14:46:38.853" level="INFO">Clicking element 'id:pt-login-2'.</msg>
<status status="PASS" starttime="20240128 14:46:38.853" endtime="20240128 14:46:39.870"/>
</kw>
<kw name="Input Text" library="SeleniumLibrary">
<arg>id:wpName1</arg>
<arg>${login}</arg>
<doc>Types the given ``text`` into the text field identified by ``locator``.</doc>
<msg timestamp="20240128 14:46:39.871" level="INFO">Typing text 'RobotTests' into text field 'id:wpName1'.</msg>
<status status="PASS" starttime="20240128 14:46:39.870" endtime="20240128 14:46:39.967"/>
</kw>
<kw name="Input Password" library="SeleniumLibrary">
<arg>id:wpPassword1</arg>
<arg>${password}</arg>
<doc>Types the given password into the text field identified by ``locator``.</doc>
<msg timestamp="20240128 14:46:39.968" level="INFO">Typing password into text field 'id:wpPassword1'.</msg>
<msg timestamp="20240128 14:46:40.006" level="INFO">Temporally setting log level to: NONE</msg>
<msg timestamp="20240128 14:46:40.061" level="INFO">Log level changed from NONE to INFO.</msg>
<status status="PASS" starttime="20240128 14:46:39.967" endtime="20240128 14:46:40.061"/>
</kw>
<kw name="Checkbox Should Not Be Selected" library="SeleniumLibrary">
<arg>id:wpRemember</arg>
<doc>Verifies checkbox ``locator`` is not selected/checked.</doc>
<msg timestamp="20240128 14:46:40.061" level="INFO">Verifying checkbox 'id:wpRemember' is not selected.</msg>
<status status="PASS" starttime="20240128 14:46:40.061" endtime="20240128 14:46:40.102"/>
</kw>
<kw name="Click Button" library="SeleniumLibrary">
<arg>id:wpLoginAttempt</arg>
<doc>Clicks the button identified by ``locator``.</doc>
<msg timestamp="20240128 14:46:40.103" level="INFO">Clicking button 'id:wpLoginAttempt'.</msg>
<status status="PASS" starttime="20240128 14:46:40.102" endtime="20240128 14:46:41.381"/>
</kw>
<status status="PASS" starttime="20240128 14:46:37.212" endtime="20240128 14:46:41.381"/>
</kw>
<kw name="Sleep" library="BuiltIn">
<arg>1</arg>
<doc>Pauses the test executed for the given time.</doc>
<msg timestamp="20240128 14:46:42.386" level="INFO">Slept 1 second</msg>
<status status="PASS" starttime="20240128 14:46:41.382" endtime="20240128 14:46:42.386"/>
</kw>
<kw name="Wait Until Element Is Visible" library="SeleniumLibrary">
<arg>xpath:/html/body/div[2]/div/div[3]/main/div[3]/div[3]/div[1]/div[3]/form/div[1]</arg>
<arg>5</arg>
<doc>Waits until the element ``locator`` is visible.</doc>
<status status="PASS" starttime="20240128 14:46:42.386" endtime="20240128 14:46:42.410"/>
</kw>
<kw name="Sleep" library="BuiltIn">
<arg>1</arg>
<doc>Pauses the test executed for the given time.</doc>
<msg timestamp="20240128 14:46:43.416" level="INFO">Slept 1 second</msg>
<status status="PASS" starttime="20240128 14:46:42.410" endtime="20240128 14:46:43.416"/>
</kw>
<kw name="Get Text" library="SeleniumLibrary">
<var>${my_error_message}</var>
<arg>xpath:/html/body/div[2]/div/div[3]/main/div[3]/div[3]/div[1]/div[3]/form/div[1]</arg>
<doc>Returns the text value of the element identified by ``locator``.</doc>
<msg timestamp="20240128 14:46:43.444" level="INFO">${my_error_message} = Podany login lub hasło są nieprawidłowe. Spróbuj jeszcze raz.</msg>
<status status="PASS" starttime="20240128 14:46:43.417" endtime="20240128 14:46:43.444"/>
</kw>
<kw name="Log To Console" library="BuiltIn">
<arg>pobrano: ${my_error_message}</arg>
<doc>Logs the given message to the console.</doc>
<status status="PASS" starttime="20240128 14:46:43.445" endtime="20240128 14:46:43.445"/>
</kw>
<kw name="Log" library="BuiltIn">
<arg>pobrano: ${my_error_message}</arg>
<doc>Logs the given message with the given level.</doc>
<msg timestamp="20240128 14:46:43.445" level="INFO">pobrano: Podany login lub hasło są nieprawidłowe. Spróbuj jeszcze raz.</msg>
<status status="PASS" starttime="20240128 14:46:43.445" endtime="20240128 14:46:43.446"/>
</kw>
<kw name="Should Be Equal As Strings" library="BuiltIn">
<arg>${error_message}</arg>
<arg>${my_error_message}</arg>
<doc>Fails if objects are unequal after converting them to strings.</doc>
<status status="PASS" starttime="20240128 14:46:43.446" endtime="20240128 14:46:43.446"/>
</kw>
<status status="PASS" starttime="20240128 14:46:37.212" endtime="20240128 14:46:43.446"/>
</test>
<status status="PASS" starttime="20240128 14:46:36.987" endtime="20240128 14:46:43.448"/>
</suite>
<statistics>
<total>
<stat pass="1" fail="0" skip="0">All Tests</stat>
</total>
<tag>
</tag>
<suite>
<stat pass="1" fail="0" skip="0" id="s1" name="3 Robot Framework 1">3 Robot Framework 1</stat>
</suite>
</statistics>
<errors>
</errors>
</robot>
