<?xml version="1.0" encoding="UTF-8"?>
<robot generator="Robot 6.1.1 (Python 3.11.2 on win32)" generated="20240128 12:06:39.166" rpa="false" schemaversion="4">
<suite id="s1" name="3 Robot Framework 1" source="C:\Users\vdi-student\Desktop\PythonDevWro_2324\Zjazd6\2_sobota_gr1_Kamil\3_Robot_Framework_1.robot">
<test id="s1-t1" name="Test 1" line="11">
<kw name="Open Browser" library="SeleniumLibrary">
<arg>https://pl.wikipedia.org</arg>
<arg>chrome</arg>
<doc>Opens a new browser instance to the optional ``url``.</doc>
<msg timestamp="20240128 12:06:39.413" level="INFO">Opening browser 'chrome' to base url 'https://pl.wikipedia.org'.</msg>
<status status="PASS" starttime="20240128 12:06:39.413" endtime="20240128 12:06:41.044"/>
</kw>
<kw name="Sleep" library="BuiltIn">
<arg>1</arg>
<doc>Pauses the test executed for the given time.</doc>
<msg timestamp="20240128 12:06:42.045" level="INFO">Slept 1 second</msg>
<status status="PASS" starttime="20240128 12:06:41.045" endtime="20240128 12:06:42.045"/>
</kw>
<kw name="Click Element" library="SeleniumLibrary">
<arg>id:pt-login-2</arg>
<doc>Click the element identified by ``locator``.</doc>
<msg timestamp="20240128 12:06:42.046" level="INFO">Clicking element 'id:pt-login-2'.</msg>
<status status="PASS" starttime="20240128 12:06:42.046" endtime="20240128 12:06:43.003"/>
</kw>
<kw name="Sleep" library="BuiltIn">
<arg>1</arg>
<doc>Pauses the test executed for the given time.</doc>
<msg timestamp="20240128 12:06:44.006" level="INFO">Slept 1 second</msg>
<status status="PASS" starttime="20240128 12:06:43.004" endtime="20240128 12:06:44.006"/>
</kw>
<kw name="Close Browser" library="SeleniumLibrary">
<doc>Closes the current browser.</doc>
<status status="PASS" starttime="20240128 12:06:44.006" endtime="20240128 12:06:46.097"/>
</kw>
<status status="PASS" starttime="20240128 12:06:39.413" endtime="20240128 12:06:46.097"/>
</test>
<status status="PASS" starttime="20240128 12:06:39.166" endtime="20240128 12:06:46.099"/>
</suite>
<statistics>
<total>
<stat pass="1" fail="0" skip="0">All Tests</stat>
</total>
<tag>
</tag>
<suite>
<stat pass="1" fail="0" skip="0" id="s1" name="3 Robot Framework 1">3 Robot Framework 1</stat>
</suite>
</statistics>
<errors>
</errors>
</robot>
